[NX Daemon Server] - 2024-02-27T13:22:02.302Z - Started listening on: /home/benjaminj/Workspace/linthtml/linthtml/node_modules/.cache/nx/d/d.sock
[NX Daemon Server] - 2024-02-27T13:22:02.356Z - [WATCHER]: Subscribed to changes within: /home/benjaminj/Workspace/linthtml/linthtml
[NX Daemon Server] - 2024-02-27T13:22:02.411Z - [WATCHER]: .nx/cache/d/daemon.log was modified
[NX Daemon Server] - 2024-02-27T13:22:02.464Z - [WATCHER]: .nx/cache/d/daemon.log was modified
[NX Daemon Server] - 2024-02-27T13:22:02.516Z - [WATCHER]: .nx/cache/d/daemon.log was modified
[NX Daemon Server] - 2024-02-27T13:22:02.553Z - [REQUEST]: Updated file-hasher based on watched changes, recomputing project graph...
[NX Daemon Server] - 2024-02-27T13:22:02.605Z - [WATCHER]: .nx/cache/d/daemon.log was modified
[NX Daemon Server] - 2024-02-27T13:22:02.657Z - [WATCHER]: .nx/cache/d/daemon.log was modified
[NX Daemon Server] - 2024-02-27T13:22:02.710Z - [WATCHER]: .nx/cache/d/daemon.log was modified
[NX Daemon Server] - 2024-02-27T13:22:02.736Z - [REQUEST]: Updated file-hasher based on watched changes, recomputing project graph...
[NX Daemon Server] - 2024-02-27T13:22:02.789Z - [WATCHER]: .nx/cache/d/daemon.log was modified
[NX Daemon Server] - 2024-02-27T13:22:02.841Z - [WATCHER]: .nx/cache/d/daemon.log was modified
[NX Daemon Server] - 2024-02-27T13:22:02.894Z - [WATCHER]: .nx/cache/d/daemon.log was modified
[NX Daemon Server] - 2024-02-27T13:22:02.946Z - [WATCHER]: .nx/cache/d/daemon.log was modified
[NX Daemon Server] - 2024-02-27T13:22:02.998Z - [WATCHER]: .nx/cache/d/daemon.log was modified
[NX Daemon Server] - 2024-02-27T13:22:03.051Z - [WATCHER]: .nx/cache/d/daemon.log was modified
[NX Daemon Server] - 2024-02-27T13:22:03.103Z - [WATCHER]: .nx/cache/d/daemon.log was modified
[NX Daemon Server] - 2024-02-27T13:22:03.155Z - [WATCHER]: .nx/cache/d/daemon.log was modified
[NX Daemon Server] - 2024-02-27T13:22:03.209Z - [REQUEST]: Updated file-hasher based on watched changes, recomputing project graph...
[NX Daemon Server] - 2024-02-27T13:22:03.229Z - [WATCHER]: .nx/cache/d/daemon.log was modified
[NX Daemon Server] - 2024-02-27T13:22:03.282Z - [WATCHER]: .nx/cache/d/daemon.log was modified
[NX Daemon Server] - 2024-02-27T13:22:03.334Z - [WATCHER]: .nx/cache/d/daemon.log was modified
[NX Daemon Server] - 2024-02-27T13:22:03.386Z - [WATCHER]: .nx/cache/d/daemon.log was modified
[NX Daemon Server] - 2024-02-27T13:22:03.439Z - [WATCHER]: .nx/cache/d/daemon.log was modified
[NX Daemon Server] - 2024-02-27T13:22:03.491Z - [WATCHER]: .nx/cache/d/daemon.log was modified
[NX Daemon Server] - 2024-02-27T13:22:03.543Z - [WATCHER]: .nx/cache/d/daemon.log was modified
[NX Daemon Server] - 2024-02-27T13:22:03.596Z - [WATCHER]: .nx/cache/d/daemon.log was modified
[NX Daemon Server] - 2024-02-27T13:22:03.648Z - [WATCHER]: .nx/cache/d/daemon.log was modified
[NX Daemon Server] - 2024-02-27T13:22:03.700Z - [WATCHER]: .nx/cache/d/daemon.log was modified
[NX Daemon Server] - 2024-02-27T13:22:03.753Z - [WATCHER]: .nx/cache/d/daemon.log was modified
[NX Daemon Server] - 2024-02-27T13:22:03.805Z - [WATCHER]: .nx/cache/d/daemon.log was modified
[NX Daemon Server] - 2024-02-27T13:22:03.857Z - [WATCHER]: .nx/cache/d/daemon.log was modified
[NX Daemon Server] - 2024-02-27T13:22:03.910Z - [WATCHER]: .nx/cache/d/daemon.log was modified
[NX Daemon Server] - 2024-02-27T13:22:03.962Z - [WATCHER]: .nx/cache/d/daemon.log was modified
[NX Daemon Server] - 2024-02-27T13:22:04.014Z - [WATCHER]: .nx/cache/d/daemon.log was modified
[NX Daemon Server] - 2024-02-27T13:22:04.048Z - [REQUEST]: Updated file-hasher based on watched changes, recomputing project graph...
[NX Daemon Server] - 2024-02-27T13:22:04.100Z - [WATCHER]: .nx/cache/d/daemon.log was modified
[NX Daemon Server] - 2024-02-27T13:22:04.152Z - [WATCHER]: .nx/cache/d/daemon.log was modified
[NX Daemon Server] - 2024-02-27T13:22:04.206Z - [WATCHER]: .nx/cache/d/daemon.log was modified
[NX Daemon Server] - 2024-02-27T13:22:04.258Z - [WATCHER]: .nx/cache/d/daemon.log was modified
[NX Daemon Server] - 2024-02-27T13:22:04.311Z - [WATCHER]: .nx/cache/d/daemon.log was modified
[NX Daemon Server] - 2024-02-27T13:22:04.363Z - [WATCHER]: .nx/cache/d/daemon.log was modified
[NX Daemon Server] - 2024-02-27T13:22:04.416Z - [WATCHER]: .nx/cache/d/daemon.log was modified
[NX Daemon Server] - 2024-02-27T13:22:04.468Z - [WATCHER]: .nx/cache/d/daemon.log was modified
[NX Daemon Server] - 2024-02-27T13:22:04.520Z - [WATCHER]: .nx/cache/d/daemon.log was modified
[NX Daemon Server] - 2024-02-27T13:22:04.573Z - [WATCHER]: .nx/cache/d/daemon.log was modified
[NX Daemon Server] - 2024-02-27T13:22:04.625Z - [WATCHER]: .nx/cache/d/daemon.log was modified
[NX Daemon Server] - 2024-02-27T13:22:04.678Z - [WATCHER]: .nx/cache/d/daemon.log was modified
[NX Daemon Server] - 2024-02-27T13:22:04.730Z - [WATCHER]: .nx/cache/d/daemon.log was modified
[NX Daemon Server] - 2024-02-27T13:22:04.782Z - [WATCHER]: .nx/cache/d/daemon.log was modified
[NX Daemon Server] - 2024-02-27T13:22:04.834Z - [WATCHER]: .nx/cache/d/daemon.log was modified
[NX Daemon Server] - 2024-02-27T13:22:04.887Z - [WATCHER]: .nx/cache/d/daemon.log was modified
[NX Daemon Server] - 2024-02-27T13:22:04.939Z - [WATCHER]: .nx/cache/d/daemon.log was modified
[NX Daemon Server] - 2024-02-27T13:22:04.992Z - [WATCHER]: .nx/cache/d/daemon.log was modified
[NX Daemon Server] - 2024-02-27T13:22:05.044Z - [WATCHER]: .nx/cache/d/daemon.log was modified
[NX Daemon Server] - 2024-02-27T13:22:05.096Z - [WATCHER]: .nx/cache/d/daemon.log was modified
[NX Daemon Server] - 2024-02-27T13:22:05.149Z - [WATCHER]: .nx/cache/d/daemon.log was modified
[NX Daemon Server] - 2024-02-27T13:22:05.201Z - [WATCHER]: .nx/cache/d/daemon.log was modified
[NX Daemon Server] - 2024-02-27T13:22:05.254Z - [WATCHER]: .nx/cache/d/daemon.log was modified
[NX Daemon Server] - 2024-02-27T13:22:05.306Z - [WATCHER]: .nx/cache/d/daemon.log was modified
[NX Daemon Server] - 2024-02-27T13:22:05.358Z - [WATCHER]: .nx/cache/d/daemon.log was modified
[NX Daemon Server] - 2024-02-27T13:22:05.411Z - [WATCHER]: .nx/cache/d/daemon.log was modified
[NX Daemon Server] - 2024-02-27T13:22:05.463Z - [WATCHER]: .nx/cache/d/daemon.log was modified
[NX Daemon Server] - 2024-02-27T13:22:05.515Z - [WATCHER]: .nx/cache/d/daemon.log was modified
[NX Daemon Server] - 2024-02-27T13:22:05.567Z - [WATCHER]: .nx/cache/d/daemon.log was modified
[NX Daemon Server] - 2024-02-27T13:22:05.620Z - [WATCHER]: .nx/cache/d/daemon.log was modified
[NX Daemon Server] - 2024-02-27T13:22:05.672Z - [WATCHER]: .nx/cache/d/daemon.log was modified
[NX Daemon Server] - 2024-02-27T13:22:05.718Z - [REQUEST]: Updated file-hasher based on watched changes, recomputing project graph...
[NX Daemon Server] - 2024-02-27T13:22:05.771Z - [WATCHER]: .nx/cache/d/daemon.log was modified
[NX Daemon Server] - 2024-02-27T13:22:05.823Z - [WATCHER]: .nx/cache/d/daemon.log was modified
[NX Daemon Server] - 2024-02-27T13:22:05.875Z - [WATCHER]: .nx/cache/d/daemon.log was modified
[NX Daemon Server] - 2024-02-27T13:22:05.928Z - [WATCHER]: .nx/cache/d/daemon.log was modified
[NX Daemon Server] - 2024-02-27T13:22:05.980Z - [WATCHER]: .nx/cache/d/daemon.log was modified
[NX Daemon Server] - 2024-02-27T13:22:06.032Z - [WATCHER]: .nx/cache/d/daemon.log was modified
[NX Daemon Server] - 2024-02-27T13:22:06.085Z - [WATCHER]: .nx/cache/d/daemon.log was modified
[NX Daemon Server] - 2024-02-27T13:22:06.137Z - [WATCHER]: .nx/cache/d/daemon.log was modified
[NX Daemon Server] - 2024-02-27T13:22:06.189Z - [WATCHER]: .nx/cache/d/daemon.log was modified
[NX Daemon Server] - 2024-02-27T13:22:06.241Z - [WATCHER]: .nx/cache/d/daemon.log was modified
[NX Daemon Server] - 2024-02-27T13:22:06.294Z - [WATCHER]: .nx/cache/d/daemon.log was modified
[NX Daemon Server] - 2024-02-27T13:22:06.346Z - [WATCHER]: .nx/cache/d/daemon.log was modified
[NX Daemon Server] - 2024-02-27T13:22:06.399Z - [WATCHER]: .nx/cache/d/daemon.log was modified
[NX Daemon Server] - 2024-02-27T13:22:06.451Z - [WATCHER]: .nx/cache/d/daemon.log was modified
[NX Daemon Server] - 2024-02-27T13:22:06.503Z - [WATCHER]: .nx/cache/d/daemon.log was modified
[NX Daemon Server] - 2024-02-27T13:22:06.556Z - [WATCHER]: .nx/cache/d/daemon.log was modified
[NX Daemon Server] - 2024-02-27T13:22:06.608Z - [WATCHER]: .nx/cache/d/daemon.log was modified
[NX Daemon Server] - 2024-02-27T13:22:06.660Z - [WATCHER]: .nx/cache/d/daemon.log was modified
[NX Daemon Server] - 2024-02-27T13:22:06.713Z - [WATCHER]: .nx/cache/d/daemon.log was modified
[NX Daemon Server] - 2024-02-27T13:22:06.766Z - [WATCHER]: .nx/cache/d/daemon.log was modified
[NX Daemon Server] - 2024-02-27T13:22:06.818Z - [WATCHER]: .nx/cache/d/daemon.log was modified
[NX Daemon Server] - 2024-02-27T13:22:06.870Z - [WATCHER]: .nx/cache/d/daemon.log was modified
[NX Daemon Server] - 2024-02-27T13:22:06.922Z - [WATCHER]: .nx/cache/d/daemon.log was modified
[NX Daemon Server] - 2024-02-27T13:22:06.975Z - [WATCHER]: .nx/cache/d/daemon.log was modified
[NX Daemon Server] - 2024-02-27T13:22:07.027Z - [WATCHER]: .nx/cache/d/daemon.log was modified
[NX Daemon Server] - 2024-02-27T13:22:07.079Z - [WATCHER]: .nx/cache/d/daemon.log was modified
[NX Daemon Server] - 2024-02-27T13:22:07.131Z - [WATCHER]: .nx/cache/d/daemon.log was modified
[NX Daemon Server] - 2024-02-27T13:22:07.184Z - [WATCHER]: .nx/cache/d/daemon.log was modified
[NX Daemon Server] - 2024-02-27T13:22:07.236Z - [WATCHER]: .nx/cache/d/daemon.log was modified
[NX Daemon Server] - 2024-02-27T13:22:07.288Z - [WATCHER]: .nx/cache/d/daemon.log was modified
[NX Daemon Server] - 2024-02-27T13:22:07.341Z - [WATCHER]: .nx/cache/d/daemon.log was modified
[NX Daemon Server] - 2024-02-27T13:22:07.393Z - [WATCHER]: .nx/cache/d/daemon.log was modified
[NX Daemon Server] - 2024-02-27T13:22:07.445Z - [WATCHER]: .nx/cache/d/daemon.log was modified
[NX Daemon Server] - 2024-02-27T13:22:07.532Z - [WATCHER]: 0 file(s) created or restored, 2 file(s) modified, 0 file(s) deleted
[NX Daemon Server] - 2024-02-27T13:22:07.585Z - [WATCHER]: .nx/cache/d/daemon.log was modified
[NX Daemon Server] - 2024-02-27T13:22:07.637Z - [WATCHER]: .nx/cache/d/daemon.log was modified
[NX Daemon Server] - 2024-02-27T13:22:07.689Z - [WATCHER]: .nx/cache/d/daemon.log was modified
[NX Daemon Server] - 2024-02-27T13:22:07.742Z - [WATCHER]: .nx/cache/d/daemon.log was modified
[NX Daemon Server] - 2024-02-27T13:22:07.794Z - [WATCHER]: .nx/cache/d/daemon.log was modified
[NX Daemon Server] - 2024-02-27T13:22:07.846Z - [WATCHER]: .nx/cache/d/daemon.log was modified
[NX Daemon Server] - 2024-02-27T13:22:07.899Z - [WATCHER]: .nx/cache/d/daemon.log was modified
[NX Daemon Server] - 2024-02-27T13:22:07.951Z - [WATCHER]: .nx/cache/d/daemon.log was modified
[NX Daemon Server] - 2024-02-27T13:22:08.003Z - [WATCHER]: .nx/cache/d/daemon.log was modified
[NX Daemon Server] - 2024-02-27T13:22:08.055Z - [WATCHER]: .nx/cache/d/daemon.log was modified
[NX Daemon Server] - 2024-02-27T13:22:08.107Z - [WATCHER]: .nx/cache/d/daemon.log was modified
[NX Daemon Server] - 2024-02-27T13:22:08.160Z - [WATCHER]: .nx/cache/d/daemon.log was modified
[NX Daemon Server] - 2024-02-27T13:22:08.212Z - [WATCHER]: .nx/cache/d/daemon.log was modified
[NX Daemon Server] - 2024-02-27T13:22:08.264Z - [WATCHER]: .nx/cache/d/daemon.log was modified
[NX Daemon Server] - 2024-02-27T13:22:08.316Z - [WATCHER]: .nx/cache/d/daemon.log was modified
[NX Daemon Server] - 2024-02-27T13:22:08.369Z - [WATCHER]: .nx/cache/d/daemon.log was modified
[NX Daemon Server] - 2024-02-27T13:22:08.421Z - [WATCHER]: .nx/cache/d/daemon.log was modified
[NX Daemon Server] - 2024-02-27T13:22:08.473Z - [WATCHER]: .nx/cache/d/daemon.log was modified
[NX Daemon Server] - 2024-02-27T13:22:08.525Z - [WATCHER]: .nx/cache/d/daemon.log was modified
[NX Daemon Server] - 2024-02-27T13:22:08.577Z - [WATCHER]: .nx/cache/d/daemon.log was modified
[NX Daemon Server] - 2024-02-27T13:22:08.630Z - [WATCHER]: .nx/cache/d/daemon.log was modified
[NX Daemon Server] - 2024-02-27T13:22:08.682Z - [WATCHER]: .nx/cache/d/daemon.log was modified
[NX Daemon Server] - 2024-02-27T13:22:08.734Z - [WATCHER]: .nx/cache/d/daemon.log was modified
[NX Daemon Server] - 2024-02-27T13:22:08.786Z - [WATCHER]: .nx/cache/d/daemon.log was modified
[NX Daemon Server] - 2024-02-27T13:22:08.838Z - [WATCHER]: .nx/cache/d/daemon.log was modified
[NX Daemon Server] - 2024-02-27T13:22:08.891Z - [WATCHER]: .nx/cache/d/daemon.log was modified
[NX Daemon Server] - 2024-02-27T13:22:08.943Z - [WATCHER]: .nx/cache/d/daemon.log was modified
[NX Daemon Server] - 2024-02-27T13:22:08.995Z - [REQUEST]: Updated file-hasher based on watched changes, recomputing project graph...
[NX Daemon Server] - 2024-02-27T13:22:09.014Z - [WATCHER]: .nx/cache/d/daemon.log was modified
[NX Daemon Server] - 2024-02-27T13:22:09.066Z - [WATCHER]: .nx/cache/d/daemon.log was modified
[NX Daemon Server] - 2024-02-27T13:22:09.118Z - [WATCHER]: .nx/cache/d/daemon.log was modified
[NX Daemon Server] - 2024-02-27T13:22:09.171Z - [WATCHER]: .nx/cache/d/daemon.log was modified
[NX Daemon Server] - 2024-02-27T13:22:09.223Z - [WATCHER]: .nx/cache/d/daemon.log was modified
[NX Daemon Server] - 2024-02-27T13:22:09.276Z - [WATCHER]: .nx/cache/d/daemon.log was modified
[NX Daemon Server] - 2024-02-27T13:22:09.328Z - [WATCHER]: .nx/cache/d/daemon.log was modified
[NX Daemon Server] - 2024-02-27T13:22:09.380Z - [WATCHER]: .nx/cache/d/daemon.log was modified
[NX Daemon Server] - 2024-02-27T13:22:09.433Z - [WATCHER]: .nx/cache/d/daemon.log was modified
[NX Daemon Server] - 2024-02-27T13:22:09.485Z - [WATCHER]: .nx/cache/d/daemon.log was modified
[NX Daemon Server] - 2024-02-27T13:22:09.537Z - [WATCHER]: .nx/cache/d/daemon.log was modified
[NX Daemon Server] - 2024-02-27T13:22:09.590Z - [WATCHER]: .nx/cache/d/daemon.log was modified
[NX Daemon Server] - 2024-02-27T13:22:09.642Z - [WATCHER]: .nx/cache/d/daemon.log was modified
[NX Daemon Server] - 2024-02-27T13:22:09.694Z - [WATCHER]: .nx/cache/d/daemon.log was modified
[NX Daemon Server] - 2024-02-27T13:22:09.775Z - [WATCHER]: 0 file(s) created or restored, 2 file(s) modified, 0 file(s) deleted
[NX Daemon Server] - 2024-02-27T13:22:09.827Z - [WATCHER]: .nx/cache/d/daemon.log was modified
[NX Daemon Server] - 2024-02-27T13:22:09.879Z - [WATCHER]: .nx/cache/d/daemon.log was modified
[NX Daemon Server] - 2024-02-27T13:22:09.932Z - [WATCHER]: .nx/cache/d/daemon.log was modified
[NX Daemon Server] - 2024-02-27T13:22:09.984Z - [WATCHER]: .nx/cache/d/daemon.log was modified
[NX Daemon Server] - 2024-02-27T13:22:10.036Z - [WATCHER]: .nx/cache/d/daemon.log was modified
[NX Daemon Server] - 2024-02-27T13:22:10.088Z - [WATCHER]: .nx/cache/d/daemon.log was modified
[NX Daemon Server] - 2024-02-27T13:22:10.141Z - [WATCHER]: .nx/cache/d/daemon.log was modified
[NX Daemon Server] - 2024-02-27T13:22:10.193Z - [WATCHER]: .nx/cache/d/daemon.log was modified
[NX Daemon Server] - 2024-02-27T13:22:10.245Z - [WATCHER]: .nx/cache/d/daemon.log was modified
[NX Daemon Server] - 2024-02-27T13:22:10.297Z - [WATCHER]: .nx/cache/d/daemon.log was modified
[NX Daemon Server] - 2024-02-27T13:22:10.349Z - [WATCHER]: .nx/cache/d/daemon.log was modified
[NX Daemon Server] - 2024-02-27T13:22:10.402Z - [WATCHER]: .nx/cache/d/daemon.log was modified
[NX Daemon Server] - 2024-02-27T13:22:10.454Z - [WATCHER]: .nx/cache/d/daemon.log was modified
[NX Daemon Server] - 2024-02-27T13:22:10.506Z - [WATCHER]: .nx/cache/d/daemon.log was modified
[NX Daemon Server] - 2024-02-27T13:22:10.558Z - [WATCHER]: .nx/cache/d/daemon.log was modified
[NX Daemon Server] - 2024-02-27T13:22:10.610Z - [WATCHER]: .nx/cache/d/daemon.log was modified
[NX Daemon Server] - 2024-02-27T13:22:10.662Z - [WATCHER]: .nx/cache/d/daemon.log was modified
[NX Daemon Server] - 2024-02-27T13:22:10.714Z - [WATCHER]: .nx/cache/d/daemon.log was modified
[NX Daemon Server] - 2024-02-27T13:22:10.767Z - [WATCHER]: .nx/cache/d/daemon.log was modified
[NX Daemon Server] - 2024-02-27T13:22:10.819Z - [WATCHER]: .nx/cache/d/daemon.log was modified
[NX Daemon Server] - 2024-02-27T13:22:10.871Z - [WATCHER]: .nx/cache/d/daemon.log was modified
[NX Daemon Server] - 2024-02-27T13:22:10.923Z - [WATCHER]: .nx/cache/d/daemon.log was modified
[NX Daemon Server] - 2024-02-27T13:22:10.975Z - [WATCHER]: .nx/cache/d/daemon.log was modified
[NX Daemon Server] - 2024-02-27T13:22:11.028Z - [WATCHER]: .nx/cache/d/daemon.log was modified
[NX Daemon Server] - 2024-02-27T13:22:11.080Z - [WATCHER]: .nx/cache/d/daemon.log was modified
[NX Daemon Server] - 2024-02-27T13:22:11.132Z - [WATCHER]: .nx/cache/d/daemon.log was modified
[NX Daemon Server] - 2024-02-27T13:22:11.184Z - [WATCHER]: .nx/cache/d/daemon.log was modified
[NX Daemon Server] - 2024-02-27T13:22:11.236Z - [WATCHER]: .nx/cache/d/daemon.log was modified
[NX Daemon Server] - 2024-02-27T13:22:11.289Z - [WATCHER]: .nx/cache/d/daemon.log was modified
[NX Daemon Server] - 2024-02-27T13:22:11.341Z - [WATCHER]: .nx/cache/d/daemon.log was modified
[NX Daemon Server] - 2024-02-27T13:22:11.393Z - [WATCHER]: .nx/cache/d/daemon.log was modified
[NX Daemon Server] - 2024-02-27T13:22:11.445Z - [WATCHER]: .nx/cache/d/daemon.log was modified
[NX Daemon Server] - 2024-02-27T13:22:11.497Z - [WATCHER]: .nx/cache/d/daemon.log was modified
[NX Daemon Server] - 2024-02-27T13:22:11.549Z - [WATCHER]: .nx/cache/d/daemon.log was modified
[NX Daemon Server] - 2024-02-27T13:22:11.602Z - [WATCHER]: .nx/cache/d/daemon.log was modified
[NX Daemon Server] - 2024-02-27T13:22:11.655Z - [WATCHER]: .nx/cache/d/daemon.log was modified
[NX Daemon Server] - 2024-02-27T13:22:11.707Z - [WATCHER]: .nx/cache/d/daemon.log was modified
[NX Daemon Server] - 2024-02-27T13:22:11.759Z - [WATCHER]: .nx/cache/d/daemon.log was modified
[NX Daemon Server] - 2024-02-27T13:22:11.812Z - [WATCHER]: .nx/cache/d/daemon.log was modified
[NX Daemon Server] - 2024-02-27T13:22:11.864Z - [WATCHER]: .nx/cache/d/daemon.log was modified
[NX Daemon Server] - 2024-02-27T13:22:11.916Z - [WATCHER]: .nx/cache/d/daemon.log was modified
[NX Daemon Server] - 2024-02-27T13:22:11.968Z - [WATCHER]: .nx/cache/d/daemon.log was modified
[NX Daemon Server] - 2024-02-27T13:22:12.020Z - [WATCHER]: .nx/cache/d/daemon.log was modified
[NX Daemon Server] - 2024-02-27T13:22:12.073Z - [WATCHER]: .nx/cache/d/daemon.log was modified
[NX Daemon Server] - 2024-02-27T13:22:12.125Z - [WATCHER]: .nx/cache/d/daemon.log was modified
[NX Daemon Server] - 2024-02-27T13:22:12.177Z - [WATCHER]: .nx/cache/d/daemon.log was modified
[NX Daemon Server] - 2024-02-27T13:22:12.229Z - [WATCHER]: .nx/cache/d/daemon.log was modified
[NX Daemon Server] - 2024-02-27T13:22:12.282Z - [WATCHER]: .nx/cache/d/daemon.log was modified
[NX Daemon Server] - 2024-02-27T13:22:12.334Z - [WATCHER]: .nx/cache/d/daemon.log was modified
[NX Daemon Server] - 2024-02-27T13:22:12.386Z - [WATCHER]: .nx/cache/d/daemon.log was modified
[NX Daemon Server] - 2024-02-27T13:22:12.438Z - [WATCHER]: .nx/cache/d/daemon.log was modified
[NX Daemon Server] - 2024-02-27T13:22:12.490Z - [WATCHER]: .nx/cache/d/daemon.log was modified
[NX Daemon Server] - 2024-02-27T13:22:12.543Z - [WATCHER]: .nx/cache/d/daemon.log was modified
[NX Daemon Server] - 2024-02-27T13:22:12.595Z - [WATCHER]: .nx/cache/d/daemon.log was modified
[NX Daemon Server] - 2024-02-27T13:22:12.647Z - [WATCHER]: .nx/cache/d/daemon.log was modified
[NX Daemon Server] - 2024-02-27T13:22:12.699Z - [WATCHER]: .nx/cache/d/daemon.log was modified
[NX Daemon Server] - 2024-02-27T13:22:12.751Z - [WATCHER]: .nx/cache/d/daemon.log was modified
[NX Daemon Server] - 2024-02-27T13:22:12.804Z - [WATCHER]: .nx/cache/d/daemon.log was modified
[NX Daemon Server] - 2024-02-27T13:22:12.856Z - [WATCHER]: .nx/cache/d/daemon.log was modified
[NX Daemon Server] - 2024-02-27T13:22:12.908Z - [WATCHER]: .nx/cache/d/daemon.log was modified
[NX Daemon Server] - 2024-02-27T13:22:12.960Z - [WATCHER]: .nx/cache/d/daemon.log was modified
[NX Daemon Server] - 2024-02-27T13:22:13.012Z - [WATCHER]: .nx/cache/d/daemon.log was modified
[NX Daemon Server] - 2024-02-27T13:22:13.065Z - [WATCHER]: .nx/cache/d/daemon.log was modified
[NX Daemon Server] - 2024-02-27T13:22:13.117Z - [WATCHER]: .nx/cache/d/daemon.log was modified
[NX Daemon Server] - 2024-02-27T13:22:13.169Z - [WATCHER]: .nx/cache/d/daemon.log was modified
[NX Daemon Server] - 2024-02-27T13:22:13.221Z - [WATCHER]: .nx/cache/d/daemon.log was modified
[NX Daemon Server] - 2024-02-27T13:22:13.273Z - [WATCHER]: .nx/cache/d/daemon.log was modified
[NX Daemon Server] - 2024-02-27T13:22:13.326Z - [WATCHER]: .nx/cache/d/daemon.log was modified
[NX Daemon Server] - 2024-02-27T13:22:13.378Z - [WATCHER]: .nx/cache/d/daemon.log was modified
[NX Daemon Server] - 2024-02-27T13:22:13.430Z - [WATCHER]: .nx/cache/d/daemon.log was modified
[NX Daemon Server] - 2024-02-27T13:22:13.482Z - [WATCHER]: .nx/cache/d/daemon.log was modified
[NX Daemon Server] - 2024-02-27T13:22:13.534Z - [WATCHER]: .nx/cache/d/daemon.log was modified
[NX Daemon Server] - 2024-02-27T13:22:13.587Z - [WATCHER]: .nx/cache/d/daemon.log was modified
[NX Daemon Server] - 2024-02-27T13:22:13.639Z - [WATCHER]: .nx/cache/d/daemon.log was modified
[NX Daemon Server] - 2024-02-27T13:22:13.691Z - [WATCHER]: .nx/cache/d/daemon.log was modified
[NX Daemon Server] - 2024-02-27T13:22:13.743Z - [WATCHER]: .nx/cache/d/daemon.log was modified
[NX Daemon Server] - 2024-02-27T13:22:13.795Z - [WATCHER]: .nx/cache/d/daemon.log was modified
[NX Daemon Server] - 2024-02-27T13:22:13.847Z - [WATCHER]: .nx/cache/d/daemon.log was modified
[NX Daemon Server] - 2024-02-27T13:22:13.899Z - [WATCHER]: .nx/cache/d/daemon.log was modified
[NX Daemon Server] - 2024-02-27T13:22:13.951Z - [WATCHER]: .nx/cache/d/daemon.log was modified
[NX Daemon Server] - 2024-02-27T13:22:14.004Z - [WATCHER]: .nx/cache/d/daemon.log was modified
[NX Daemon Server] - 2024-02-27T13:22:14.056Z - [WATCHER]: .nx/cache/d/daemon.log was modified
[NX Daemon Server] - 2024-02-27T13:22:14.108Z - [WATCHER]: .nx/cache/d/daemon.log was modified
[NX Daemon Server] - 2024-02-27T13:22:14.160Z - [WATCHER]: .nx/cache/d/daemon.log was modified
[NX Daemon Server] - 2024-02-27T13:22:14.213Z - [WATCHER]: .nx/cache/d/daemon.log was modified
[NX Daemon Server] - 2024-02-27T13:22:14.265Z - [WATCHER]: .nx/cache/d/daemon.log was modified
[NX Daemon Server] - 2024-02-27T13:22:14.317Z - [WATCHER]: .nx/cache/d/daemon.log was modified
[NX Daemon Server] - 2024-02-27T13:22:14.369Z - [WATCHER]: .nx/cache/d/daemon.log was modified
[NX Daemon Server] - 2024-02-27T13:22:14.421Z - [WATCHER]: .nx/cache/d/daemon.log was modified
[NX Daemon Server] - 2024-02-27T13:22:14.474Z - [WATCHER]: .nx/cache/d/daemon.log was modified
[NX Daemon Server] - 2024-02-27T13:22:14.526Z - [WATCHER]: .nx/cache/d/daemon.log was modified
[NX Daemon Server] - 2024-02-27T13:22:14.578Z - [WATCHER]: .nx/cache/d/daemon.log was modified
[NX Daemon Server] - 2024-02-27T13:22:14.630Z - [WATCHER]: .nx/cache/d/daemon.log was modified
[NX Daemon Server] - 2024-02-27T13:22:14.683Z - [WATCHER]: .nx/cache/d/daemon.log was modified
[NX Daemon Server] - 2024-02-27T13:22:14.735Z - [WATCHER]: .nx/cache/d/daemon.log was modified
[NX Daemon Server] - 2024-02-27T13:22:14.787Z - [WATCHER]: .nx/cache/d/daemon.log was modified
[NX Daemon Server] - 2024-02-27T13:22:14.839Z - [WATCHER]: .nx/cache/d/daemon.log was modified
[NX Daemon Server] - 2024-02-27T13:22:14.891Z - [WATCHER]: .nx/cache/d/daemon.log was modified
[NX Daemon Server] - 2024-02-27T13:22:14.943Z - [WATCHER]: .nx/cache/d/daemon.log was modified
[NX Daemon Server] - 2024-02-27T13:22:14.995Z - [WATCHER]: .nx/cache/d/daemon.log was modified
[NX Daemon Server] - 2024-02-27T13:22:15.047Z - [WATCHER]: .nx/cache/d/daemon.log was modified
[NX Daemon Server] - 2024-02-27T13:22:15.100Z - [WATCHER]: .nx/cache/d/daemon.log was modified
[NX Daemon Server] - 2024-02-27T13:22:15.152Z - [WATCHER]: .nx/cache/d/daemon.log was modified
[NX Daemon Server] - 2024-02-27T13:22:15.204Z - [WATCHER]: .nx/cache/d/daemon.log was modified
[NX Daemon Server] - 2024-02-27T13:22:15.257Z - [WATCHER]: .nx/cache/d/daemon.log was modified
[NX Daemon Server] - 2024-02-27T13:22:15.309Z - [WATCHER]: .nx/cache/d/daemon.log was modified
[NX Daemon Server] - 2024-02-27T13:22:15.361Z - [WATCHER]: .nx/cache/d/daemon.log was modified
[NX Daemon Server] - 2024-02-27T13:22:15.414Z - [WATCHER]: .nx/cache/d/daemon.log was modified
[NX Daemon Server] - 2024-02-27T13:22:15.443Z - [REQUEST]: Updated file-hasher based on watched changes, recomputing project graph...
[NX Daemon Server] - 2024-02-27T13:22:15.496Z - [WATCHER]: .nx/cache/d/daemon.log was modified
[NX Daemon Server] - 2024-02-27T13:22:15.548Z - [WATCHER]: .nx/cache/d/daemon.log was modified
[NX Daemon Server] - 2024-02-27T13:22:15.601Z - [WATCHER]: .nx/cache/d/daemon.log was modified
[NX Daemon Server] - 2024-02-27T13:22:15.653Z - [WATCHER]: .nx/cache/d/daemon.log was modified
[NX Daemon Server] - 2024-02-27T13:22:15.705Z - [WATCHER]: .nx/cache/d/daemon.log was modified
[NX Daemon Server] - 2024-02-27T13:22:15.758Z - [WATCHER]: .nx/cache/d/daemon.log was modified
[NX Daemon Server] - 2024-02-27T13:22:15.810Z - [WATCHER]: .nx/cache/d/daemon.log was modified
[NX Daemon Server] - 2024-02-27T13:22:15.862Z - [WATCHER]: .nx/cache/d/daemon.log was modified
[NX Daemon Server] - 2024-02-27T13:22:15.915Z - [WATCHER]: .nx/cache/d/daemon.log was modified
[NX Daemon Server] - 2024-02-27T13:22:15.967Z - [WATCHER]: .nx/cache/d/daemon.log was modified
[NX Daemon Server] - 2024-02-27T13:22:16.019Z - [WATCHER]: .nx/cache/d/daemon.log was modified
[NX Daemon Server] - 2024-02-27T13:22:16.071Z - [WATCHER]: .nx/cache/d/daemon.log was modified
[NX Daemon Server] - 2024-02-27T13:22:16.124Z - [WATCHER]: .nx/cache/d/daemon.log was modified
[NX Daemon Server] - 2024-02-27T13:22:16.176Z - [WATCHER]: .nx/cache/d/daemon.log was modified
[NX Daemon Server] - 2024-02-27T13:22:16.228Z - [WATCHER]: .nx/cache/d/daemon.log was modified
[NX Daemon Server] - 2024-02-27T13:22:16.280Z - [WATCHER]: .nx/cache/d/daemon.log was modified
[NX Daemon Server] - 2024-02-27T13:22:16.332Z - [WATCHER]: .nx/cache/d/daemon.log was modified
[NX Daemon Server] - 2024-02-27T13:22:16.385Z - [WATCHER]: .nx/cache/d/daemon.log was modified
[NX Daemon Server] - 2024-02-27T13:22:16.437Z - [WATCHER]: .nx/cache/d/daemon.log was modified
[NX Daemon Server] - 2024-02-27T13:22:16.489Z - [WATCHER]: .nx/cache/d/daemon.log was modified
[NX Daemon Server] - 2024-02-27T13:22:16.541Z - [WATCHER]: .nx/cache/d/daemon.log was modified
[NX Daemon Server] - 2024-02-27T13:22:16.594Z - [WATCHER]: .nx/cache/d/daemon.log was modified
[NX Daemon Server] - 2024-02-27T13:22:16.646Z - [WATCHER]: .nx/cache/d/daemon.log was modified
[NX Daemon Server] - 2024-02-27T13:22:16.698Z - [WATCHER]: .nx/cache/d/daemon.log was modified
[NX Daemon Server] - 2024-02-27T13:22:16.750Z - [WATCHER]: .nx/cache/d/daemon.log was modified
[NX Daemon Server] - 2024-02-27T13:22:16.802Z - [WATCHER]: .nx/cache/d/daemon.log was modified
[NX Daemon Server] - 2024-02-27T13:22:16.855Z - [WATCHER]: .nx/cache/d/daemon.log was modified
[NX Daemon Server] - 2024-02-27T13:22:16.907Z - [WATCHER]: .nx/cache/d/daemon.log was modified
[NX Daemon Server] - 2024-02-27T13:22:16.959Z - [WATCHER]: .nx/cache/d/daemon.log was modified
[NX Daemon Server] - 2024-02-27T13:22:17.011Z - [WATCHER]: .nx/cache/d/daemon.log was modified
[NX Daemon Server] - 2024-02-27T13:22:17.063Z - [WATCHER]: .nx/cache/d/daemon.log was modified
[NX Daemon Server] - 2024-02-27T13:22:17.116Z - [WATCHER]: .nx/cache/d/daemon.log was modified
[NX Daemon Server] - 2024-02-27T13:22:17.169Z - [WATCHER]: .nx/cache/d/daemon.log was modified
[NX Daemon Server] - 2024-02-27T13:22:17.222Z - [WATCHER]: .nx/cache/d/daemon.log was modified
[NX Daemon Server] - 2024-02-27T13:22:17.274Z - [WATCHER]: .nx/cache/d/daemon.log was modified
[NX Daemon Server] - 2024-02-27T13:22:17.326Z - [WATCHER]: .nx/cache/d/daemon.log was modified
[NX Daemon Server] - 2024-02-27T13:22:17.378Z - [WATCHER]: .nx/cache/d/daemon.log was modified
[NX Daemon Server] - 2024-02-27T13:22:17.430Z - [WATCHER]: .nx/cache/d/daemon.log was modified
[NX Daemon Server] - 2024-02-27T13:22:17.483Z - [WATCHER]: .nx/cache/d/daemon.log was modified
[NX Daemon Server] - 2024-02-27T13:22:17.535Z - [WATCHER]: .nx/cache/d/daemon.log was modified
[NX Daemon Server] - 2024-02-27T13:22:17.587Z - [WATCHER]: .nx/cache/d/daemon.log was modified
[NX Daemon Server] - 2024-02-27T13:22:17.639Z - [WATCHER]: .nx/cache/d/daemon.log was modified
[NX Daemon Server] - 2024-02-27T13:22:17.691Z - [WATCHER]: .nx/cache/d/daemon.log was modified
[NX Daemon Server] - 2024-02-27T13:22:17.743Z - [WATCHER]: .nx/cache/d/daemon.log was modified
[NX Daemon Server] - 2024-02-27T13:22:17.796Z - [WATCHER]: .nx/cache/d/daemon.log was modified
[NX Daemon Server] - 2024-02-27T13:22:17.848Z - [WATCHER]: .nx/cache/d/daemon.log was modified
[NX Daemon Server] - 2024-02-27T13:22:17.900Z - [WATCHER]: .nx/cache/d/daemon.log was modified
[NX Daemon Server] - 2024-02-27T13:22:17.952Z - [WATCHER]: .nx/cache/d/daemon.log was modified
[NX Daemon Server] - 2024-02-27T13:22:18.005Z - [WATCHER]: .nx/cache/d/daemon.log was modified
[NX Daemon Server] - 2024-02-27T13:22:18.057Z - [WATCHER]: .nx/cache/d/daemon.log was modified
[NX Daemon Server] - 2024-02-27T13:22:18.109Z - [WATCHER]: .nx/cache/d/daemon.log was modified
[NX Daemon Server] - 2024-02-27T13:22:18.161Z - [WATCHER]: .nx/cache/d/daemon.log was modified
[NX Daemon Server] - 2024-02-27T13:22:18.213Z - [WATCHER]: .nx/cache/d/daemon.log was modified
[NX Daemon Server] - 2024-02-27T13:22:18.265Z - [WATCHER]: .nx/cache/d/daemon.log was modified
[NX Daemon Server] - 2024-02-27T13:22:18.349Z - [WATCHER]: Unsubscribed from changes within: /home/benjaminj/Workspace/linthtml/linthtml
[NX Daemon Server] - 2024-02-27T13:22:18.349Z - Server stopped because: "Lock file changed"
